<function model5 at 0x7fafb52232a8>
=== Selected Model: 5 ===
1 : ([1, 2, 3, 4, 5, 6],) : 0.9931782527
2 : ([1], [2, 3, 4, 5, 6]) : 0.9898330796
3 : ([1, 3, 4, 5, 6], [2]) : 0.9900398677
4 : ([1, 2], [3, 4, 5, 6]) : 0.9874999809
5 : ([1], [2], [3, 4, 5, 6]) : 0.9873416073
6 : ([1, 2, 4, 5, 6], [3]) : 0.9897753881
7 : ([1, 3], [2, 4, 5, 6]) : 0.9874109307
8 : ([1], [2, 4, 5, 6], [3]) : 0.9872069492
9 : ([1, 4, 5, 6], [2, 3]) : 0.9885987380
10 : ([1, 4, 5, 6], [2], [3]) : 0.9879718167
11 : ([1, 2, 3], [4, 5, 6]) : 0.9876033945
12 : ([1], [2, 3], [4, 5, 6]) : 0.9868143221
13 : ([1, 3], [2], [4, 5, 6]) : 0.9863102980
14 : ([1, 2], [3], [4, 5, 6]) : 0.9863757471
15 : ([1], [2], [3], [4, 5, 6]) : 0.9861462458
16 : ([1, 2, 3, 5, 6], [4]) : 0.9888213845
17 : ([1, 4], [2, 3, 5, 6]) : 0.9866177939
18 : ([1], [2, 3, 5, 6], [4]) : 0.9861510372
19 : ([1, 3, 5, 6], [2, 4]) : 0.9860510325
20 : ([1, 3, 5, 6], [2], [4]) : 0.9857456344
21 : ([1, 2, 4], [3, 5, 6]) : 0.9855086894
22 : ([1], [2, 4], [3, 5, 6]) : 0.9843129552
23 : ([1, 4], [2], [3, 5, 6]) : 0.9843299045
24 : ([1, 2], [3, 5, 6], [4]) : 0.9843510847
25 : ([1], [2], [3, 5, 6], [4]) : 0.9839682722
26 : ([1, 2, 5, 6], [3, 4]) : 0.9859969664
27 : ([1, 2, 5, 6], [3], [4]) : 0.9859012463
28 : ([1, 3, 4], [2, 5, 6]) : 0.9846506282
29 : ([1], [2, 5, 6], [3, 4]) : 0.9838549056
30 : ([1, 4], [2, 5, 6], [3]) : 0.9840340615
31 : ([1, 3], [2, 5, 6], [4]) : 0.9839041536
32 : ([1], [2, 5, 6], [3], [4]) : 0.9836580072
33 : ([1, 5, 6], [2, 3, 4]) : 0.9856937275
34 : ([1, 5, 6], [2], [3, 4]) : 0.9847005492
35 : ([1, 5, 6], [2, 4], [3]) : 0.9848224060
36 : ([1, 5, 6], [2, 3], [4]) : 0.9851859718
37 : ([1, 5, 6], [2], [3], [4]) : 0.9845195833
38 : ([1, 2, 3, 4], [5, 6]) : 0.9866996021
39 : ([1], [2, 3, 4], [5, 6]) : 0.9844393323
40 : ([1, 3, 4], [2], [5, 6]) : 0.9840490581
41 : ([1, 2], [3, 4], [5, 6]) : 0.9837843114
42 : ([1], [2], [3, 4], [5, 6]) : 0.9833964870
43 : ([1, 2, 4], [3], [5, 6]) : 0.9847567847
44 : ([1, 3], [2, 4], [5, 6]) : 0.9836709150
45 : ([1], [2, 4], [3], [5, 6]) : 0.9835065808
46 : ([1, 4], [2, 3], [5, 6]) : 0.9842982911
47 : ([1, 4], [2], [3], [5, 6]) : 0.9835208895
48 : ([1, 2, 3], [4], [5, 6]) : 0.9851097587
49 : ([1], [2, 3], [4], [5, 6]) : 0.9839725505
50 : ([1, 3], [2], [4], [5, 6]) : 0.9833879961
51 : ([1, 2], [3], [4], [5, 6]) : 0.9836555494
52 : ([1], [2], [3], [4], [5, 6]) : 0.9832205396
53 : ([1, 2, 3, 4, 6], [5]) : 0.9892419149
54 : ([1, 5], [2, 3, 4, 6]) : 0.9859957156
55 : ([1], [2, 3, 4, 6], [5]) : 0.9857393505
56 : ([1, 3, 4, 6], [2, 5]) : 0.9859574247
57 : ([1, 3, 4, 6], [2], [5]) : 0.9858225339
58 : ([1, 2, 5], [3, 4, 6]) : 0.9848319930
59 : ([1], [2, 5], [3, 4, 6]) : 0.9839056592
60 : ([1, 5], [2], [3, 4, 6]) : 0.9841655162
61 : ([1, 2], [3, 4, 6], [5]) : 0.9842103536
62 : ([1], [2], [3, 4, 6], [5]) : 0.9838398085
63 : ([1, 2, 4, 6], [3, 5]) : 0.9866969084
64 : ([1, 2, 4, 6], [3], [5]) : 0.9865768604
65 : ([1, 3, 5], [2, 4, 6]) : 0.9846734948
66 : ([1], [2, 4, 6], [3, 5]) : 0.9840924037
67 : ([1, 5], [2, 4, 6], [3]) : 0.9842366775
68 : ([1, 3], [2, 4, 6], [5]) : 0.9841348691
69 : ([1], [2, 4, 6], [3], [5]) : 0.9839469592
70 : ([1, 4, 6], [2, 3, 5]) : 0.9862105065
71 : ([1, 4, 6], [2], [3, 5]) : 0.9850178393
72 : ([1, 4, 6], [2, 5], [3]) : 0.9848642715
73 : ([1, 4, 6], [2, 3], [5]) : 0.9855835163
74 : ([1, 4, 6], [2], [3], [5]) : 0.9848392437
75 : ([1, 2, 3, 5], [4, 6]) : 0.9862588395
76 : ([1], [2, 3, 5], [4, 6]) : 0.9847553183
77 : ([1, 3, 5], [2], [4, 6]) : 0.9840567882
78 : ([1, 2], [3, 5], [4, 6]) : 0.9839138506
79 : ([1], [2], [3, 5], [4, 6]) : 0.9834514052
80 : ([1, 2, 5], [3], [4, 6]) : 0.9843253364
81 : ([1, 3], [2, 5], [4, 6]) : 0.9835393905
82 : ([1], [2, 5], [3], [4, 6]) : 0.9833491868
83 : ([1, 5], [2, 3], [4, 6]) : 0.9843873012
84 : ([1, 5], [2], [3], [4, 6]) : 0.9836269796
85 : ([1, 2, 3], [4, 6], [5]) : 0.9852155971
86 : ([1], [2, 3], [4, 6], [5]) : 0.9841001281
87 : ([1, 3], [2], [4, 6], [5]) : 0.9834830470
88 : ([1, 2], [3], [4, 6], [5]) : 0.9837721178
89 : ([1], [2], [3], [4, 6], [5]) : 0.9833157447
90 : ([1, 2, 3, 6], [4, 5]) : 0.9882253872
91 : ([1, 2, 3, 6], [4], [5]) : 0.9866360946
92 : ([1, 4, 5], [2, 3, 6]) : 0.9872375840
93 : ([1], [2, 3, 6], [4, 5]) : 0.9864387955
94 : ([1, 5], [2, 3, 6], [4]) : 0.9846817981
95 : ([1, 4], [2, 3, 6], [5]) : 0.9847822844
96 : ([1], [2, 3, 6], [4], [5]) : 0.9844462029
97 : ([1, 3, 6], [2, 4, 5]) : 0.9866302072
98 : ([1, 3, 6], [2], [4, 5]) : 0.9861538444
99 : ([1, 3, 6], [2, 5], [4]) : 0.9840620496
100 : ([1, 3, 6], [2, 4], [5]) : 0.9843509199
101 : ([1, 3, 6], [2], [4], [5]) : 0.9840128932
102 : ([1, 2, 4, 5], [3, 6]) : 0.9870902199
103 : ([1], [2, 4, 5], [3, 6]) : 0.9857480172
104 : ([1, 4, 5], [2], [3, 6]) : 0.9861093085
105 : ([1, 2], [3, 6], [4, 5]) : 0.9855833540
106 : ([1], [2], [3, 6], [4, 5]) : 0.9853241732
107 : ([1, 2, 5], [3, 6], [4]) : 0.9840460896
108 : ([1, 4], [2, 5], [3, 6]) : 0.9834662436
109 : ([1], [2, 5], [3, 6], [4]) : 0.9831388575
110 : ([1, 5], [2, 4], [3, 6]) : 0.9836471837
111 : ([1, 5], [2], [3, 6], [4]) : 0.9834169945
112 : ([1, 2, 4], [3, 6], [5]) : 0.9846232096
113 : ([1], [2, 4], [3, 6], [5]) : 0.9833892612
114 : ([1, 4], [2], [3, 6], [5]) : 0.9834216273
115 : ([1, 2], [3, 6], [4], [5]) : 0.9835326987
116 : ([1], [2], [3, 6], [4], [5]) : 0.9831164532
117 : ([1, 2, 6], [3, 4, 5]) : 0.9867276874
118 : ([1, 2, 6], [3], [4, 5]) : 0.9863133276
119 : ([1, 2, 6], [3, 5], [4]) : 0.9846768135
120 : ([1, 2, 6], [3, 4], [5]) : 0.9846276308
121 : ([1, 2, 6], [3], [4], [5]) : 0.9845136861
122 : ([1, 3, 4, 5], [2, 6]) : 0.9872063917
123 : ([1], [2, 6], [3, 4, 5]) : 0.9858700388
124 : ([1, 4, 5], [2, 6], [3]) : 0.9860775853
125 : ([1, 3], [2, 6], [4, 5]) : 0.9855636681
126 : ([1], [2, 6], [3], [4, 5]) : 0.9853537731
127 : ([1, 3, 5], [2, 6], [4]) : 0.9839578446
128 : ([1, 4], [2, 6], [3, 5]) : 0.9836754408
129 : ([1], [2, 6], [3, 5], [4]) : 0.9833629280
130 : ([1, 5], [2, 6], [3, 4]) : 0.9836613036
131 : ([1, 5], [2, 6], [3], [4]) : 0.9834921877
132 : ([1, 3, 4], [2, 6], [5]) : 0.9840672406
133 : ([1], [2, 6], [3, 4], [5]) : 0.9833831581
134 : ([1, 4], [2, 6], [3], [5]) : 0.9834983315
135 : ([1, 3], [2, 6], [4], [5]) : 0.9833897760
136 : ([1], [2, 6], [3], [4], [5]) : 0.9832023517
137 : ([1, 6], [2, 3, 4, 5]) : 0.9879390316
138 : ([1, 6], [2], [3, 4, 5]) : 0.9862952825
139 : ([1, 6], [2, 4, 5], [3]) : 0.9862219322
140 : ([1, 6], [2, 3], [4, 5]) : 0.9865103688
141 : ([1, 6], [2], [3], [4, 5]) : 0.9857895756
142 : ([1, 6], [2, 3, 5], [4]) : 0.9850314460
143 : ([1, 6], [2, 4], [3, 5]) : 0.9841424620
144 : ([1, 6], [2], [3, 5], [4]) : 0.9838221954
145 : ([1, 6], [2, 5], [3, 4]) : 0.9838316057
146 : ([1, 6], [2, 5], [3], [4]) : 0.9836503922
147 : ([1, 6], [2, 3, 4], [5]) : 0.9848738429
148 : ([1, 6], [2], [3, 4], [5]) : 0.9837921080
149 : ([1, 6], [2, 4], [3], [5]) : 0.9839294921
150 : ([1, 6], [2, 3], [4], [5]) : 0.9843817615
151 : ([1, 6], [2], [3], [4], [5]) : 0.9836270127
152 : ([1, 2, 3, 4, 5], [6]) : 0.9897855311
153 : ([1], [2, 3, 4, 5], [6]) : 0.9875572394
154 : ([1, 3, 4, 5], [2], [6]) : 0.9870986334
155 : ([1, 2], [3, 4, 5], [6]) : 0.9859980193
156 : ([1], [2], [3, 4, 5], [6]) : 0.9857556088
157 : ([1, 2, 4, 5], [3], [6]) : 0.9869049444
158 : ([1, 3], [2, 4, 5], [6]) : 0.9857835687
159 : ([1], [2, 4, 5], [3], [6]) : 0.9856030397
160 : ([1, 4, 5], [2, 3], [6]) : 0.9867604966
161 : ([1, 4, 5], [2], [3], [6]) : 0.9859317124
162 : ([1, 2, 3], [4, 5], [6]) : 0.9868284580
163 : ([1], [2, 3], [4, 5], [6]) : 0.9860021347
164 : ([1, 3], [2], [4, 5], [6]) : 0.9853851798
165 : ([1, 2], [3], [4, 5], [6]) : 0.9854786803
166 : ([1], [2], [3], [4, 5], [6]) : 0.9852070363
167 : ([1, 2, 3, 5], [4], [6]) : 0.9860022900
168 : ([1, 4], [2, 3, 5], [6]) : 0.9848775396
169 : ([1], [2, 3, 5], [4], [6]) : 0.9844744900
170 : ([1, 3, 5], [2, 4], [6]) : 0.9839163329
171 : ([1, 3, 5], [2], [4], [6]) : 0.9837330892
172 : ([1, 2, 4], [3, 5], [6]) : 0.9846077472
173 : ([1], [2, 4], [3, 5], [6]) : 0.9833984319
174 : ([1, 4], [2], [3, 5], [6]) : 0.9834382774
175 : ([1, 2], [3, 5], [4], [6]) : 0.9835671131
176 : ([1], [2], [3, 5], [4], [6]) : 0.9831298601
177 : ([1, 2, 5], [3, 4], [6]) : 0.9840620704
178 : ([1, 2, 5], [3], [4], [6]) : 0.9839239467
179 : ([1, 3, 4], [2, 5], [6]) : 0.9838777933
180 : ([1], [2, 5], [3, 4], [6]) : 0.9831747275
181 : ([1, 4], [2, 5], [3], [6]) : 0.9833032146
182 : ([1, 3], [2, 5], [4], [6]) : 0.9831650825
183 : ([1], [2, 5], [3], [4], [6]) : 0.9829879939
184 : ([1, 5], [2, 3, 4], [6]) : 0.9845058171
185 : ([1, 5], [2], [3, 4], [6]) : 0.9834360420
186 : ([1, 5], [2, 4], [3], [6]) : 0.9834753543
187 : ([1, 5], [2, 3], [4], [6]) : 0.9840704854
188 : ([1, 5], [2], [3], [4], [6]) : 0.9832678851
189 : ([1, 2, 3, 4], [5], [6]) : 0.9864746775
190 : ([1], [2, 3, 4], [5], [6]) : 0.9842510248
191 : ([1, 3, 4], [2], [5], [6]) : 0.9837918742
192 : ([1, 2], [3, 4], [5], [6]) : 0.9835376088
193 : ([1], [2], [3, 4], [5], [6]) : 0.9831411251
194 : ([1, 2, 4], [3], [5], [6]) : 0.9844467102
195 : ([1, 3], [2, 4], [5], [6]) : 0.9833702828
196 : ([1], [2, 4], [3], [5], [6]) : 0.9832175083
197 : ([1, 4], [2, 3], [5], [6]) : 0.9841012660
198 : ([1, 4], [2], [3], [5], [6]) : 0.9832543091
199 : ([1, 2, 3], [4], [5], [6]) : 0.9849206610
200 : ([1], [2, 3], [4], [5], [6]) : 0.9837934954
201 : ([1, 3], [2], [4], [5], [6]) : 0.9831214936
202 : ([1, 2], [3], [4], [5], [6]) : 0.9834020754
203 : ([1], [2], [3], [4], [5], [6]) : 0.9829638907
python -u script.py 1 > script-model-1.out
python -u script.py 2 > script-model-2.out
python -u script.py 3 > script-model-3.out
python -u script.py 4 > script-model-4.out
python -u script.py 5 > script-model-5.out
python -u script.py 6 > script-model-6.out
python -u script.py 7 > script-model-7.out
python -u script.py 8 > script-model-8.out
python -u script.py 9 > script-model-9.out
python -u script.py 10 > script-model-10.out
