<function model9 at 0x7f7ab753a488>
=== Selected Model: 9 ===
1 : ([1, 2, 3, 4, 5, 6],) : 0.9794199130
2 : ([1], [2, 3, 4, 5, 6]) : 0.9786514561
3 : ([1, 3, 4, 5, 6], [2]) : 0.9735436074
4 : ([1, 2], [3, 4, 5, 6]) : 0.9732762556
5 : ([1], [2], [3, 4, 5, 6]) : 0.9726285264
6 : ([1, 2, 4, 5, 6], [3]) : 0.9751108378
7 : ([1, 3], [2, 4, 5, 6]) : 0.9738423131
8 : ([1], [2, 4, 5, 6], [3]) : 0.9737217155
9 : ([1, 4, 5, 6], [2, 3]) : 0.9787142426
10 : ([1, 4, 5, 6], [2], [3]) : 0.9733641624
11 : ([1, 2, 3], [4, 5, 6]) : 0.9786918185
12 : ([1], [2, 3], [4, 5, 6]) : 0.9784447366
13 : ([1, 3], [2], [4, 5, 6]) : 0.9727230338
14 : ([1, 2], [3], [4, 5, 6]) : 0.9733543379
15 : ([1], [2], [3], [4, 5, 6]) : 0.9727072604
16 : ([1, 2, 3, 5, 6], [4]) : 0.9789629290
17 : ([1, 4], [2, 3, 5, 6]) : 0.9783230308
18 : ([1], [2, 3, 5, 6], [4]) : 0.9783149026
19 : ([1, 3, 5, 6], [2, 4]) : 0.9728317278
20 : ([1, 3, 5, 6], [2], [4]) : 0.9726433711
21 : ([1, 2, 4], [3, 5, 6]) : 0.9734841226
22 : ([1], [2, 4], [3, 5, 6]) : 0.9723370317
23 : ([1, 4], [2], [3, 5, 6]) : 0.9724349076
24 : ([1, 2], [3, 5, 6], [4]) : 0.9727345658
25 : ([1], [2], [3, 5, 6], [4]) : 0.9721411840
26 : ([1, 2, 5, 6], [3, 4]) : 0.9741770503
27 : ([1, 2, 5, 6], [3], [4]) : 0.9742484767
28 : ([1, 3, 4], [2, 5, 6]) : 0.9733243498
29 : ([1], [2, 5, 6], [3, 4]) : 0.9730615670
30 : ([1, 4], [2, 5, 6], [3]) : 0.9732748599
31 : ([1, 3], [2, 5, 6], [4]) : 0.9731821390
32 : ([1], [2, 5, 6], [3], [4]) : 0.9731114401
33 : ([1, 5, 6], [2, 3, 4]) : 0.9784630281
34 : ([1, 5, 6], [2], [3, 4]) : 0.9724285660
35 : ([1, 5, 6], [2, 4], [3]) : 0.9726356171
36 : ([1, 5, 6], [2, 3], [4]) : 0.9784178904
37 : ([1, 5, 6], [2], [3], [4]) : 0.9724925509
38 : ([1, 2, 3, 4], [5, 6]) : 0.9786959278
39 : ([1], [2, 3, 4], [5, 6]) : 0.9782989473
40 : ([1, 3, 4], [2], [5, 6]) : 0.9724701124
41 : ([1, 2], [3, 4], [5, 6]) : 0.9727540045
42 : ([1], [2], [3, 4], [5, 6]) : 0.9721450231
43 : ([1, 2, 4], [3], [5, 6]) : 0.9735808731
44 : ([1, 3], [2, 4], [5, 6]) : 0.9724688287
45 : ([1], [2, 4], [3], [5, 6]) : 0.9724057250
46 : ([1, 4], [2, 3], [5, 6]) : 0.9782516778
47 : ([1, 4], [2], [3], [5, 6]) : 0.9725023293
48 : ([1, 2, 3], [4], [5, 6]) : 0.9784682634
49 : ([1], [2, 3], [4], [5, 6]) : 0.9782371648
50 : ([1, 3], [2], [4], [5, 6]) : 0.9722240925
51 : ([1, 2], [3], [4], [5, 6]) : 0.9728249548
52 : ([1], [2], [3], [4], [5, 6]) : 0.9722106068
53 : ([1, 2, 3, 4, 6], [5]) : 0.9787222068
54 : ([1, 5], [2, 3, 4, 6]) : 0.9781209886
55 : ([1], [2, 3, 4, 6], [5]) : 0.9781204711
56 : ([1, 3, 4, 6], [2, 5]) : 0.9732323900
57 : ([1, 3, 4, 6], [2], [5]) : 0.9727035653
58 : ([1, 2, 5], [3, 4, 6]) : 0.9736559584
59 : ([1], [2, 5], [3, 4, 6]) : 0.9727187024
60 : ([1, 5], [2], [3, 4, 6]) : 0.9721425743
61 : ([1, 2], [3, 4, 6], [5]) : 0.9725388789
62 : ([1], [2], [3, 4, 6], [5]) : 0.9720104439
63 : ([1, 2, 4, 6], [3, 5]) : 0.9736063315
64 : ([1, 2, 4, 6], [3], [5]) : 0.9736768066
65 : ([1, 3, 5], [2, 4, 6]) : 0.9726758656
66 : ([1], [2, 4, 6], [3, 5]) : 0.9724690806
67 : ([1, 5], [2, 4, 6], [3]) : 0.9726020706
68 : ([1, 3], [2, 4, 6], [5]) : 0.9725939983
69 : ([1], [2, 4, 6], [3], [5]) : 0.9725021932
70 : ([1, 4, 6], [2, 3, 5]) : 0.9784637846
71 : ([1, 4, 6], [2], [3, 5]) : 0.9725351140
72 : ([1, 4, 6], [2, 5], [3]) : 0.9731331628
73 : ([1, 4, 6], [2, 3], [5]) : 0.9783406007
74 : ([1, 4, 6], [2], [3], [5]) : 0.9725842913
75 : ([1, 2, 3, 5], [4, 6]) : 0.9786546081
76 : ([1], [2, 3, 5], [4, 6]) : 0.9782664132
77 : ([1, 3, 5], [2], [4, 6]) : 0.9722110637
78 : ([1, 2], [3, 5], [4, 6]) : 0.9725706115
79 : ([1], [2], [3, 5], [4, 6]) : 0.9720372410
80 : ([1, 2, 5], [3], [4, 6]) : 0.9737233444
81 : ([1, 3], [2, 5], [4, 6]) : 0.9728116818
82 : ([1], [2, 5], [3], [4, 6]) : 0.9727698166
83 : ([1, 5], [2, 3], [4, 6]) : 0.9781014737
84 : ([1, 5], [2], [3], [4, 6]) : 0.9722004657
85 : ([1, 2, 3], [4, 6], [5]) : 0.9783106659
86 : ([1], [2, 3], [4, 6], [5]) : 0.9780906604
87 : ([1, 3], [2], [4, 6], [5]) : 0.9721023998
88 : ([1, 2], [3], [4, 6], [5]) : 0.9726177074
89 : ([1], [2], [3], [4, 6], [5]) : 0.9720788593
90 : ([1, 2, 3, 6], [4, 5]) : 0.9783192210
91 : ([1, 2, 3, 6], [4], [5]) : 0.9782266883
92 : ([1, 4, 5], [2, 3, 6]) : 0.9780115901
93 : ([1], [2, 3, 6], [4, 5]) : 0.9779352230
94 : ([1, 5], [2, 3, 6], [4]) : 0.9778834019
95 : ([1, 4], [2, 3, 6], [5]) : 0.9778952080
96 : ([1], [2, 3, 6], [4], [5]) : 0.9778745253
97 : ([1, 3, 6], [2, 4, 5]) : 0.9730464984
98 : ([1, 3, 6], [2], [4, 5]) : 0.9723266703
99 : ([1, 3, 6], [2, 5], [4]) : 0.9726753799
100 : ([1, 3, 6], [2, 4], [5]) : 0.9722742558
101 : ([1, 3, 6], [2], [4], [5]) : 0.9720741800
102 : ([1, 2, 4, 5], [3, 6]) : 0.9742354619
103 : ([1], [2, 4, 5], [3, 6]) : 0.9728073721
104 : ([1, 4, 5], [2], [3, 6]) : 0.9725066630
105 : ([1, 2], [3, 6], [4, 5]) : 0.9727205758
106 : ([1], [2], [3, 6], [4, 5]) : 0.9720616230
107 : ([1, 2, 5], [3, 6], [4]) : 0.9735157163
108 : ([1, 4], [2, 5], [3, 6]) : 0.9726675390
109 : ([1], [2, 5], [3, 6], [4]) : 0.9724761925
110 : ([1, 5], [2, 4], [3, 6]) : 0.9720873651
111 : ([1, 5], [2], [3, 6], [4]) : 0.9719403037
112 : ([1, 2, 4], [3, 6], [5]) : 0.9731808725
113 : ([1], [2, 4], [3, 6], [5]) : 0.9719982110
114 : ([1, 4], [2], [3, 6], [5]) : 0.9721072018
115 : ([1, 2], [3, 6], [4], [5]) : 0.9724102165
116 : ([1], [2], [3, 6], [4], [5]) : 0.9718172330
117 : ([1, 2, 6], [3, 4, 5]) : 0.9728314603
118 : ([1, 2, 6], [3], [4, 5]) : 0.9729163447
119 : ([1, 2, 6], [3, 5], [4]) : 0.9725963188
120 : ([1, 2, 6], [3, 4], [5]) : 0.9725784989
121 : ([1, 2, 6], [3], [4], [5]) : 0.9726531326
122 : ([1, 3, 4, 5], [2, 6]) : 0.9727467710
123 : ([1], [2, 6], [3, 4, 5]) : 0.9722231597
124 : ([1, 4, 5], [2, 6], [3]) : 0.9727176936
125 : ([1, 3], [2, 6], [4, 5]) : 0.9723306291
126 : ([1], [2, 6], [3], [4, 5]) : 0.9723016073
127 : ([1, 3, 5], [2, 6], [4]) : 0.9722374086
128 : ([1, 4], [2, 6], [3, 5]) : 0.9722886466
129 : ([1], [2, 6], [3, 5], [4]) : 0.9720392011
130 : ([1, 5], [2, 6], [3, 4]) : 0.9721500702
131 : ([1, 5], [2, 6], [3], [4]) : 0.9722143422
132 : ([1, 3, 4], [2, 6], [5]) : 0.9723410735
133 : ([1], [2, 6], [3, 4], [5]) : 0.9720200773
134 : ([1, 4], [2, 6], [3], [5]) : 0.9723437060
135 : ([1, 3], [2, 6], [4], [5]) : 0.9721246993
136 : ([1], [2, 6], [3], [4], [5]) : 0.9720869430
137 : ([1, 6], [2, 3, 4, 5]) : 0.9783279664
138 : ([1, 6], [2], [3, 4, 5]) : 0.9720621259
139 : ([1, 6], [2, 4, 5], [3]) : 0.9728993684
140 : ([1, 6], [2, 3], [4, 5]) : 0.9781307544
141 : ([1, 6], [2], [3], [4, 5]) : 0.9721500812
142 : ([1, 6], [2, 3, 5], [4]) : 0.9782187252
143 : ([1, 6], [2, 4], [3, 5]) : 0.9720306926
144 : ([1, 6], [2], [3, 5], [4]) : 0.9718605087
145 : ([1, 6], [2, 5], [3, 4]) : 0.9725179120
146 : ([1, 6], [2, 5], [3], [4]) : 0.9725759436
147 : ([1, 6], [2, 3, 4], [5]) : 0.9781285204
148 : ([1, 6], [2], [3, 4], [5]) : 0.9718404762
149 : ([1, 6], [2, 4], [3], [5]) : 0.9720775061
150 : ([1, 6], [2, 3], [4], [5]) : 0.9780769666
151 : ([1, 6], [2], [3], [4], [5]) : 0.9719122675
152 : ([1, 2, 3, 4, 5], [6]) : 0.9787431367
153 : ([1], [2, 3, 4, 5], [6]) : 0.9781583549
154 : ([1, 3, 4, 5], [2], [6]) : 0.9724937361
155 : ([1, 2], [3, 4, 5], [6]) : 0.9726259396
156 : ([1], [2], [3, 4, 5], [6]) : 0.9719622956
157 : ([1, 2, 4, 5], [3], [6]) : 0.9742300776
158 : ([1, 3], [2, 4, 5], [6]) : 0.9728779507
159 : ([1], [2, 4, 5], [3], [6]) : 0.9728080327
160 : ([1, 4, 5], [2, 3], [6]) : 0.9780166579
161 : ([1, 4, 5], [2], [3], [6]) : 0.9724830059
162 : ([1, 2, 3], [4, 5], [6]) : 0.9782279490
163 : ([1], [2, 3], [4, 5], [6]) : 0.9779583448
164 : ([1, 3], [2], [4, 5], [6]) : 0.9720569662
165 : ([1, 2], [3], [4, 5], [6]) : 0.9727142608
166 : ([1], [2], [3], [4, 5], [6]) : 0.9720476805
167 : ([1, 2, 3, 5], [4], [6]) : 0.9784791089
168 : ([1, 4], [2, 3, 5], [6]) : 0.9780412136
169 : ([1], [2, 3, 5], [4], [6]) : 0.9780480958
170 : ([1, 3, 5], [2, 4], [6]) : 0.9721251656
171 : ([1, 3, 5], [2], [4], [6]) : 0.9719262234
172 : ([1, 2, 4], [3, 5], [6]) : 0.9730989518
173 : ([1], [2, 4], [3, 5], [6]) : 0.9719505945
174 : ([1, 4], [2], [3, 5], [6]) : 0.9720375923
175 : ([1, 2], [3, 5], [4], [6]) : 0.9723479023
176 : ([1], [2], [3, 5], [4], [6]) : 0.9717560853
177 : ([1, 2, 5], [3, 4], [6]) : 0.9734321523
178 : ([1, 2, 5], [3], [4], [6]) : 0.9735079667
179 : ([1, 3, 4], [2, 5], [6]) : 0.9726726289
180 : ([1], [2, 5], [3, 4], [6]) : 0.9724122058
181 : ([1, 4], [2, 5], [3], [6]) : 0.9726583735
182 : ([1, 3], [2, 5], [4], [6]) : 0.9725022655
183 : ([1], [2, 5], [3], [4], [6]) : 0.9724691010
184 : ([1, 5], [2, 3, 4], [6]) : 0.9779614106
185 : ([1, 5], [2], [3, 4], [6]) : 0.9718598670
186 : ([1, 5], [2, 4], [3], [6]) : 0.9720834694
187 : ([1, 5], [2, 3], [4], [6]) : 0.9779122247
188 : ([1, 5], [2], [3], [4], [6]) : 0.9719269505
189 : ([1, 2, 3, 4], [5], [6]) : 0.9783690707
190 : ([1], [2, 3, 4], [5], [6]) : 0.9779642076
191 : ([1, 3, 4], [2], [5], [6]) : 0.9720769771
192 : ([1, 2], [3, 4], [5], [6]) : 0.9723342608
193 : ([1], [2], [3, 4], [5], [6]) : 0.9717403658
194 : ([1, 2, 4], [3], [5], [6]) : 0.9731803066
195 : ([1, 3], [2, 4], [5], [6]) : 0.9720649843
196 : ([1], [2, 4], [3], [5], [6]) : 0.9720005997
197 : ([1, 4], [2, 3], [5], [6]) : 0.9779148474
198 : ([1, 4], [2], [3], [5], [6]) : 0.9720985083
199 : ([1, 2, 3], [4], [5], [6]) : 0.9781491280
200 : ([1], [2, 3], [4], [5], [6]) : 0.9779056444
201 : ([1, 3], [2], [4], [5], [6]) : 0.9718278787
202 : ([1, 2], [3], [4], [5], [6]) : 0.9724099360
203 : ([1], [2], [3], [4], [5], [6]) : 0.9718102816
python -u script.py 1 > script-model-1.out
python -u script.py 2 > script-model-2.out
python -u script.py 3 > script-model-3.out
python -u script.py 4 > script-model-4.out
python -u script.py 5 > script-model-5.out
python -u script.py 6 > script-model-6.out
python -u script.py 7 > script-model-7.out
python -u script.py 8 > script-model-8.out
python -u script.py 9 > script-model-9.out
python -u script.py 10 > script-model-10.out
