<function model7 at 0x7f39d08c8398>
=== Selected Model: 7 ===
1 : ([1, 2, 3, 4, 5, 6],) : 0.9943871171
2 : ([1], [2, 3, 4, 5, 6]) : 0.9871798912
3 : ([1, 3, 4, 5, 6], [2]) : 0.9316402546
4 : ([1, 2], [3, 4, 5, 6]) : 0.9118093267
5 : ([1], [2], [3, 4, 5, 6]) : 0.9081795631
6 : ([1, 2, 4, 5, 6], [3]) : 0.9374440722
7 : ([1, 3], [2, 4, 5, 6]) : 0.9248528061
8 : ([1], [2, 4, 5, 6], [3]) : 0.9224935861
9 : ([1, 4, 5, 6], [2, 3]) : 0.9139151439
10 : ([1, 4, 5, 6], [2], [3]) : 0.8850300142
11 : ([1, 2, 3], [4, 5, 6]) : 0.9147502220
12 : ([1], [2, 3], [4, 5, 6]) : 0.9068323870
13 : ([1, 3], [2], [4, 5, 6]) : 0.8777118586
14 : ([1, 2], [3], [4, 5, 6]) : 0.8776473201
15 : ([1], [2], [3], [4, 5, 6]) : 0.8737470497
16 : ([1, 2, 3, 5, 6], [4]) : 0.9615275976
17 : ([1, 4], [2, 3, 5, 6]) : 0.9490472571
18 : ([1], [2, 3, 5, 6], [4]) : 0.9474003400
19 : ([1, 3, 5, 6], [2, 4]) : 0.9089467571
20 : ([1, 3, 5, 6], [2], [4]) : 0.8928194797
21 : ([1, 2, 4], [3, 5, 6]) : 0.9007632189
22 : ([1], [2, 4], [3, 5, 6]) : 0.8938392653
23 : ([1, 4], [2], [3, 5, 6]) : 0.8799655373
24 : ([1, 2], [3, 5, 6], [4]) : 0.8808103048
25 : ([1], [2], [3, 5, 6], [4]) : 0.8777425665
26 : ([1, 2, 5, 6], [3, 4]) : 0.9114491680
27 : ([1, 2, 5, 6], [3], [4]) : 0.9009678914
28 : ([1, 3, 4], [2, 5, 6]) : 0.9013689890
29 : ([1], [2, 5, 6], [3, 4]) : 0.8965496042
30 : ([1, 4], [2, 5, 6], [3]) : 0.8877304850
31 : ([1, 3], [2, 5, 6], [4]) : 0.8878499556
32 : ([1], [2, 5, 6], [3], [4]) : 0.8856819120
33 : ([1, 5, 6], [2, 3, 4]) : 0.9226951996
34 : ([1, 5, 6], [2], [3, 4]) : 0.8681106120
35 : ([1, 5, 6], [2, 4], [3]) : 0.8747547016
36 : ([1, 5, 6], [2, 3], [4]) : 0.8911239878
37 : ([1, 5, 6], [2], [3], [4]) : 0.8574860988
38 : ([1, 2, 3, 4], [5, 6]) : 0.9293592976
39 : ([1], [2, 3, 4], [5, 6]) : 0.9188116027
40 : ([1, 3, 4], [2], [5, 6]) : 0.8687848762
41 : ([1, 2], [3, 4], [5, 6]) : 0.8650196432
42 : ([1], [2], [3, 4], [5, 6]) : 0.8620176903
43 : ([1, 2, 4], [3], [5, 6]) : 0.8771854449
44 : ([1, 3], [2, 4], [5, 6]) : 0.8722942600
45 : ([1], [2, 4], [3], [5, 6]) : 0.8691830999
46 : ([1, 4], [2, 3], [5, 6]) : 0.8878910657
47 : ([1, 4], [2], [3], [5, 6]) : 0.8541235170
48 : ([1, 2, 3], [4], [5, 6]) : 0.8958303097
49 : ([1], [2, 3], [4], [5, 6]) : 0.8873071982
50 : ([1, 3], [2], [4], [5, 6]) : 0.8548964084
51 : ([1, 2], [3], [4], [5, 6]) : 0.8553038538
52 : ([1], [2], [3], [4], [5, 6]) : 0.8518397073
53 : ([1, 2, 3, 4, 6], [5]) : 0.9423776835
54 : ([1, 5], [2, 3, 4, 6]) : 0.9303594588
55 : ([1], [2, 3, 4, 6], [5]) : 0.9286597405
56 : ([1, 3, 4, 6], [2, 5]) : 0.9074019274
57 : ([1, 3, 4, 6], [2], [5]) : 0.8825964726
58 : ([1, 2, 5], [3, 4, 6]) : 0.9065228680
59 : ([1], [2, 5], [3, 4, 6]) : 0.8965952268
60 : ([1, 5], [2], [3, 4, 6]) : 0.8698483172
61 : ([1, 2], [3, 4, 6], [5]) : 0.8712059970
62 : ([1], [2], [3, 4, 6], [5]) : 0.8683265777
63 : ([1, 2, 4, 6], [3, 5]) : 0.9044680820
64 : ([1, 2, 4, 6], [3], [5]) : 0.8848044412
65 : ([1, 3, 5], [2, 4, 6]) : 0.9008271461
66 : ([1], [2, 4, 6], [3, 5]) : 0.8917671134
67 : ([1, 5], [2, 4, 6], [3]) : 0.8738832564
68 : ([1, 3], [2, 4, 6], [5]) : 0.8748496922
69 : ([1], [2, 4, 6], [3], [5]) : 0.8718824195
70 : ([1, 4, 6], [2, 3, 5]) : 0.9449794782
71 : ([1, 4, 6], [2], [3, 5]) : 0.8796975777
72 : ([1, 4, 6], [2, 5], [3]) : 0.8868194444
73 : ([1, 4, 6], [2, 3], [5]) : 0.8909283979
74 : ([1, 4, 6], [2], [3], [5]) : 0.8588534602
75 : ([1, 2, 3, 5], [4, 6]) : 0.9544832270
76 : ([1], [2, 3, 5], [4, 6]) : 0.9408749267
77 : ([1, 3, 5], [2], [4, 6]) : 0.8812082646
78 : ([1, 2], [3, 5], [4, 6]) : 0.8774507167
79 : ([1], [2], [3, 5], [4, 6]) : 0.8728924003
80 : ([1, 2, 5], [3], [4, 6]) : 0.8917779020
81 : ([1, 3], [2, 5], [4, 6]) : 0.8829718463
82 : ([1], [2, 5], [3], [4, 6]) : 0.8807519474
83 : ([1, 5], [2, 3], [4, 6]) : 0.8882437904
84 : ([1, 5], [2], [3], [4, 6]) : 0.8532500478
85 : ([1, 2, 3], [4, 6], [5]) : 0.8951126335
86 : ([1], [2, 3], [4, 6], [5]) : 0.8865914619
87 : ([1, 3], [2], [4, 6], [5]) : 0.8542730977
88 : ([1, 2], [3], [4, 6], [5]) : 0.8553348039
89 : ([1], [2], [3], [4, 6], [5]) : 0.8514317836
90 : ([1, 2, 3, 6], [4, 5]) : 0.9168846550
91 : ([1, 2, 3, 6], [4], [5]) : 0.9029501448
92 : ([1, 4, 5], [2, 3, 6]) : 0.9084330087
93 : ([1], [2, 3, 6], [4, 5]) : 0.9056848855
94 : ([1, 5], [2, 3, 6], [4]) : 0.8939243132
95 : ([1, 4], [2, 3, 6], [5]) : 0.8930650305
96 : ([1], [2, 3, 6], [4], [5]) : 0.8923712214
97 : ([1, 3, 6], [2, 4, 5]) : 0.9220124325
98 : ([1, 3, 6], [2], [4, 5]) : 0.8769052121
99 : ([1, 3, 6], [2, 5], [4]) : 0.8885587455
100 : ([1, 3, 6], [2, 4], [5]) : 0.8776328754
101 : ([1, 3, 6], [2], [4], [5]) : 0.8596250275
102 : ([1, 2, 4, 5], [3, 6]) : 0.9285690744
103 : ([1], [2, 4, 5], [3, 6]) : 0.9178674806
104 : ([1, 4, 5], [2], [3, 6]) : 0.8769623329
105 : ([1, 2], [3, 6], [4, 5]) : 0.8742958551
106 : ([1], [2], [3, 6], [4, 5]) : 0.8704940577
107 : ([1, 2, 5], [3, 6], [4]) : 0.8932554870
108 : ([1, 4], [2, 5], [3, 6]) : 0.8854372961
109 : ([1], [2, 5], [3, 6], [4]) : 0.8832835722
110 : ([1, 5], [2, 4], [3, 6]) : 0.8736150727
111 : ([1, 5], [2], [3, 6], [4]) : 0.8556373755
112 : ([1, 2, 4], [3, 6], [5]) : 0.8793140617
113 : ([1], [2, 4], [3, 6], [5]) : 0.8718394673
114 : ([1, 4], [2], [3, 6], [5]) : 0.8562036737
115 : ([1, 2], [3, 6], [4], [5]) : 0.8569720319
116 : ([1], [2], [3, 6], [4], [5]) : 0.8538899936
117 : ([1, 2, 6], [3, 4, 5]) : 0.9073560121
118 : ([1, 2, 6], [3], [4, 5]) : 0.8770102060
119 : ([1, 2, 6], [3, 5], [4]) : 0.8812590704
120 : ([1, 2, 6], [3, 4], [5]) : 0.8715070716
121 : ([1, 2, 6], [3], [4], [5]) : 0.8604489843
122 : ([1, 3, 4, 5], [2, 6]) : 0.9199618124
123 : ([1], [2, 6], [3, 4, 5]) : 0.9007548663
124 : ([1, 4, 5], [2, 6], [3]) : 0.8752323862
125 : ([1, 3], [2, 6], [4, 5]) : 0.8723818388
126 : ([1], [2, 6], [3], [4, 5]) : 0.8683542974
127 : ([1, 3, 5], [2, 6], [4]) : 0.8823942309
128 : ([1, 4], [2, 6], [3, 5]) : 0.8767599417
129 : ([1], [2, 6], [3, 5], [4]) : 0.8738293985
130 : ([1, 5], [2, 6], [3, 4]) : 0.8660633551
131 : ([1, 5], [2, 6], [3], [4]) : 0.8543041410
132 : ([1, 3, 4], [2, 6], [5]) : 0.8715075439
133 : ([1], [2, 6], [3, 4], [5]) : 0.8639955386
134 : ([1, 4], [2, 6], [3], [5]) : 0.8549563983
135 : ([1, 3], [2, 6], [4], [5]) : 0.8553320893
136 : ([1], [2, 6], [3], [4], [5]) : 0.8523306635
137 : ([1, 6], [2, 3, 4, 5]) : 0.9789291208
138 : ([1, 6], [2], [3, 4, 5]) : 0.9000274401
139 : ([1, 6], [2, 4, 5], [3]) : 0.9159914070
140 : ([1, 6], [2, 3], [4, 5]) : 0.8997023876
141 : ([1, 6], [2], [3], [4, 5]) : 0.8684288217
142 : ([1, 6], [2, 3, 5], [4]) : 0.9415580066
143 : ([1, 6], [2, 4], [3, 5]) : 0.8893882121
144 : ([1, 6], [2], [3, 5], [4]) : 0.8739692641
145 : ([1, 6], [2, 5], [3, 4]) : 0.8930425128
146 : ([1, 6], [2, 5], [3], [4]) : 0.8826205756
147 : ([1, 6], [2, 3, 4], [5]) : 0.9188954154
148 : ([1, 6], [2], [3, 4], [5]) : 0.8636442729
149 : ([1, 6], [2, 4], [3], [5]) : 0.8696551419
150 : ([1, 6], [2, 3], [4], [5]) : 0.8864208743
151 : ([1, 6], [2], [3], [4], [5]) : 0.8525710660
152 : ([1, 2, 3, 4, 5], [6]) : 0.9877434748
153 : ([1], [2, 3, 4, 5], [6]) : 0.9786508315
154 : ([1, 3, 4, 5], [2], [6]) : 0.9164684285
155 : ([1, 2], [3, 4, 5], [6]) : 0.9026908059
156 : ([1], [2], [3, 4, 5], [6]) : 0.8981914955
157 : ([1, 2, 4, 5], [3], [6]) : 0.9256578185
158 : ([1, 3], [2, 4, 5], [6]) : 0.9169272491
159 : ([1], [2, 4, 5], [3], [6]) : 0.9146060891
160 : ([1, 4, 5], [2, 3], [6]) : 0.9016810336
161 : ([1, 4, 5], [2], [3], [6]) : 0.8729612608
162 : ([1, 2, 3], [4, 5], [6]) : 0.9078839427
163 : ([1], [2, 3], [4, 5], [6]) : 0.8987930443
164 : ([1, 3], [2], [4, 5], [6]) : 0.8707980106
165 : ([1, 2], [3], [4, 5], [6]) : 0.8713835281
166 : ([1], [2], [3], [4, 5], [6]) : 0.8667435839
167 : ([1, 2, 3, 5], [4], [6]) : 0.9538634762
168 : ([1, 4], [2, 3, 5], [6]) : 0.9421212817
169 : ([1], [2, 3, 5], [4], [6]) : 0.9402015944
170 : ([1, 3, 5], [2, 4], [6]) : 0.8964645166
171 : ([1, 3, 5], [2], [4], [6]) : 0.8800640501
172 : ([1, 2, 4], [3, 5], [6]) : 0.8963317662
173 : ([1], [2, 4], [3, 5], [6]) : 0.8874662860
174 : ([1, 4], [2], [3, 5], [6]) : 0.8742478483
175 : ([1, 2], [3, 5], [4], [6]) : 0.8757844417
176 : ([1], [2], [3, 5], [4], [6]) : 0.8716454784
177 : ([1, 2, 5], [3, 4], [6]) : 0.9000376034
178 : ([1, 2, 5], [3], [4], [6]) : 0.8907392123
179 : ([1, 3, 4], [2, 5], [6]) : 0.8949807042
180 : ([1], [2, 5], [3, 4], [6]) : 0.8902128759
181 : ([1, 4], [2, 5], [3], [6]) : 0.8820022779
182 : ([1, 3], [2, 5], [4], [6]) : 0.8823211022
183 : ([1], [2, 5], [3], [4], [6]) : 0.8800560607
184 : ([1, 5], [2, 3, 4], [6]) : 0.9198023045
185 : ([1, 5], [2], [3, 4], [6]) : 0.8629095394
186 : ([1, 5], [2, 4], [3], [6]) : 0.8697920450
187 : ([1, 5], [2, 3], [4], [6]) : 0.8869890029
188 : ([1, 5], [2], [3], [4], [6]) : 0.8522577135
189 : ([1, 2, 3, 4], [5], [6]) : 0.9286415717
190 : ([1], [2, 3, 4], [5], [6]) : 0.9178372916
191 : ([1, 3, 4], [2], [5], [6]) : 0.8678305610
192 : ([1, 2], [3, 4], [5], [6]) : 0.8642885914
193 : ([1], [2], [3, 4], [5], [6]) : 0.8610823015
194 : ([1, 2, 4], [3], [5], [6]) : 0.8763867718
195 : ([1, 3], [2, 4], [5], [6]) : 0.8710435220
196 : ([1], [2, 4], [3], [5], [6]) : 0.8680195347
197 : ([1, 4], [2, 3], [5], [6]) : 0.8859970428
198 : ([1, 4], [2], [3], [5], [6]) : 0.8527687276
199 : ([1, 2, 3], [4], [5], [6]) : 0.8940432780
200 : ([1], [2, 3], [4], [5], [6]) : 0.8853389265
201 : ([1, 3], [2], [4], [5], [6]) : 0.8534780536
202 : ([1, 2], [3], [4], [5], [6]) : 0.8541928875
203 : ([1], [2], [3], [4], [5], [6]) : 0.8504762772
python -u script.py 1 > script-model-1.out
python -u script.py 2 > script-model-2.out
python -u script.py 3 > script-model-3.out
python -u script.py 4 > script-model-4.out
python -u script.py 5 > script-model-5.out
python -u script.py 6 > script-model-6.out
python -u script.py 7 > script-model-7.out
python -u script.py 8 > script-model-8.out
python -u script.py 9 > script-model-9.out
python -u script.py 10 > script-model-10.out
