kernel: {'slope': 1.0, 'intercept': 0.0, 'name': 'polynomial', 'degree': 2, 'fn': <function <lambda> at 0x7f7f617e9230>}
=== Kernel: Polynomial (intercept: 0, slope: 1, degree: 2) ===
1 : ([1, 2, 3, 4, 5, 6],) : 0.8293852797
2 : ([1], [2, 3, 4, 5, 6]) : 0.6483980873
3 : ([1, 3, 4, 5, 6], [2]) : 0.6120571403
4 : ([1, 2], [3, 4, 5, 6]) : 0.6304981804
5 : ([1], [2], [3, 4, 5, 6]) : 0.5230808781
6 : ([1, 2, 4, 5, 6], [3]) : 0.6349278621
7 : ([1, 3], [2, 4, 5, 6]) : 0.6012908377
8 : ([1], [2, 4, 5, 6], [3]) : 0.5213782700
9 : ([1, 4, 5, 6], [2, 3]) : 0.6462761935
10 : ([1, 4, 5, 6], [2], [3]) : 0.5260063581
11 : ([1, 2, 3], [4, 5, 6]) : 0.8253269883
12 : ([1], [2, 3], [4, 5, 6]) : 0.6421369560
13 : ([1, 3], [2], [4, 5, 6]) : 0.6002098127
14 : ([1, 2], [3], [4, 5, 6]) : 0.6287316674
15 : ([1], [2], [3], [4, 5, 6]) : 0.5189605356
16 : ([1, 2, 3, 5, 6], [4]) : 0.6388557340
17 : ([1, 4], [2, 3, 5, 6]) : 0.4619243269
18 : ([1], [2, 3, 5, 6], [4]) : 0.4495226405
19 : ([1, 3, 5, 6], [2, 4]) : 0.4219814983
20 : ([1, 3, 5, 6], [2], [4]) : 0.4218280339
21 : ([1, 2, 4], [3, 5, 6]) : 0.4649664479
22 : ([1], [2, 4], [3, 5, 6]) : 0.3339038906
23 : ([1, 4], [2], [3, 5, 6]) : 0.3492304991
24 : ([1, 2], [3, 5, 6], [4]) : 0.4567570548
25 : ([1], [2], [3, 5, 6], [4]) : 0.3332001555
26 : ([1, 2, 5, 6], [3, 4]) : 0.4562705315
27 : ([1, 2, 5, 6], [3], [4]) : 0.4540407374
28 : ([1, 3, 4], [2, 5, 6]) : 0.4176762933
29 : ([1], [2, 5, 6], [3, 4]) : 0.3287472566
30 : ([1, 4], [2, 5, 6], [3]) : 0.3435890424
31 : ([1, 3], [2, 5, 6], [4]) : 0.3989482575
32 : ([1], [2, 5, 6], [3], [4]) : 0.3280723792
33 : ([1, 5, 6], [2, 3, 4]) : 0.4506676932
34 : ([1, 5, 6], [2], [3, 4]) : 0.3372523035
35 : ([1, 5, 6], [2, 4], [3]) : 0.3369930584
36 : ([1, 5, 6], [2, 3], [4]) : 0.4490117352
37 : ([1, 5, 6], [2], [3], [4]) : 0.3363199440
38 : ([1, 2, 3, 4], [5, 6]) : 0.6399510335
39 : ([1], [2, 3, 4], [5, 6]) : 0.4413989375
40 : ([1, 3, 4], [2], [5, 6]) : 0.4160678988
41 : ([1, 2], [3, 4], [5, 6]) : 0.4519392558
42 : ([1], [2], [3, 4], [5, 6]) : 0.3264696754
43 : ([1, 2, 4], [3], [5, 6]) : 0.4580666527
44 : ([1, 3], [2, 4], [5, 6]) : 0.3968706915
45 : ([1], [2, 4], [3], [5, 6]) : 0.3264323322
46 : ([1, 4], [2, 3], [5, 6]) : 0.4526633131
47 : ([1, 4], [2], [3], [5, 6]) : 0.3420046783
48 : ([1, 2, 3], [4], [5, 6]) : 0.6284838188
49 : ([1], [2, 3], [4], [5, 6]) : 0.4400571482
50 : ([1, 3], [2], [4], [5, 6]) : 0.3967189339
51 : ([1, 2], [3], [4], [5, 6]) : 0.4499411994
52 : ([1], [2], [3], [4], [5, 6]) : 0.3258002431
53 : ([1, 2, 3, 4, 6], [5]) : 0.6602592798
54 : ([1, 5], [2, 3, 4, 6]) : 0.4720886394
55 : ([1], [2, 3, 4, 6], [5]) : 0.4710450742
56 : ([1, 3, 4, 6], [2, 5]) : 0.4481505232
57 : ([1, 3, 4, 6], [2], [5]) : 0.4479914152
58 : ([1, 2, 5], [3, 4, 6]) : 0.4578341394
59 : ([1], [2, 5], [3, 4, 6]) : 0.3472909238
60 : ([1, 5], [2], [3, 4, 6]) : 0.3476994093
61 : ([1, 2], [3, 4, 6], [5]) : 0.4542575347
62 : ([1], [2], [3, 4, 6], [5]) : 0.3472646079
63 : ([1, 2, 4, 6], [3, 5]) : 0.4644757013
64 : ([1, 2, 4, 6], [3], [5]) : 0.4609987185
65 : ([1, 3, 5], [2, 4, 6]) : 0.4436502205
66 : ([1], [2, 4, 6], [3, 5]) : 0.3529621349
67 : ([1, 5], [2, 4, 6], [3]) : 0.3499624684
68 : ([1, 3], [2, 4, 6], [5]) : 0.4368447009
69 : ([1], [2, 4, 6], [3], [5]) : 0.3492876056
70 : ([1, 4, 6], [2, 3, 5]) : 0.4688378424
71 : ([1, 4, 6], [2], [3, 5]) : 0.3604604463
72 : ([1, 4, 6], [2, 5], [3]) : 0.3563909460
73 : ([1, 4, 6], [2, 3], [5]) : 0.4685984797
74 : ([1, 4, 6], [2], [3], [5]) : 0.3563549023
75 : ([1, 2, 3, 5], [4, 6]) : 0.6545913167
76 : ([1], [2, 3, 5], [4, 6]) : 0.4608908059
77 : ([1, 3, 5], [2], [4, 6]) : 0.4404957924
78 : ([1, 2], [3, 5], [4, 6]) : 0.4554346170
79 : ([1], [2], [3, 5], [4, 6]) : 0.3481159381
80 : ([1, 2, 5], [3], [4, 6]) : 0.4556265955
81 : ([1, 3], [2, 5], [4, 6]) : 0.4336850356
82 : ([1], [2, 5], [3], [4, 6]) : 0.3444092390
83 : ([1, 5], [2, 3], [4, 6]) : 0.4611760778
84 : ([1, 5], [2], [3], [4, 6]) : 0.3448465696
85 : ([1, 2, 3], [4, 6], [5]) : 0.6506370897
86 : ([1], [2, 3], [4, 6], [5]) : 0.4604035289
87 : ([1, 3], [2], [4, 6], [5]) : 0.4336835938
88 : ([1, 2], [3], [4, 6], [5]) : 0.4519855419
89 : ([1], [2], [3], [4, 6], [5]) : 0.3443869172
90 : ([1, 2, 3, 6], [4, 5]) : 0.6502059770
91 : ([1, 2, 3, 6], [4], [5]) : 0.5623250483
92 : ([1, 4, 5], [2, 3, 6]) : 0.4877699576
93 : ([1], [2, 3, 6], [4, 5]) : 0.4788426466
94 : ([1, 5], [2, 3, 6], [4]) : 0.3793249204
95 : ([1, 4], [2, 3, 6], [5]) : 0.3848744507
96 : ([1], [2, 3, 6], [4], [5]) : 0.3762501494
97 : ([1, 3, 6], [2, 4, 5]) : 0.4487210397
98 : ([1, 3, 6], [2], [4, 5]) : 0.4486925062
99 : ([1, 3, 6], [2, 5], [4]) : 0.3512337633
100 : ([1, 3, 6], [2, 4], [5]) : 0.3515426137
101 : ([1, 3, 6], [2], [4], [5]) : 0.3512154708
102 : ([1, 2, 4, 5], [3, 6]) : 0.4638919103
103 : ([1], [2, 4, 5], [3, 6]) : 0.3608349447
104 : ([1, 4, 5], [2], [3, 6]) : 0.3704325529
105 : ([1, 2], [3, 6], [4, 5]) : 0.4580712909
106 : ([1], [2], [3, 6], [4, 5]) : 0.3606362783
107 : ([1, 2, 5], [3, 6], [4]) : 0.3703393879
108 : ([1, 4], [2, 5], [3, 6]) : 0.2691282663
109 : ([1], [2, 5], [3, 6], [4]) : 0.2582753588
110 : ([1, 5], [2, 4], [3, 6]) : 0.2615116668
111 : ([1, 5], [2], [3, 6], [4]) : 0.2601820579
112 : ([1, 2, 4], [3, 6], [5]) : 0.3736368218
113 : ([1], [2, 4], [3, 6], [5]) : 0.2590462190
114 : ([1, 4], [2], [3, 6], [5]) : 0.2690085834
115 : ([1, 2], [3, 6], [4], [5]) : 0.3680062072
116 : ([1], [2], [3, 6], [4], [5]) : 0.2579405398
117 : ([1, 2, 6], [3, 4, 5]) : 0.4653060637
118 : ([1, 2, 6], [3], [4, 5]) : 0.4602216077
119 : ([1, 2, 6], [3, 5], [4]) : 0.3808889530
120 : ([1, 2, 6], [3, 4], [5]) : 0.3721331484
121 : ([1, 2, 6], [3], [4], [5]) : 0.3719882209
122 : ([1, 3, 4, 5], [2, 6]) : 0.4559559331
123 : ([1], [2, 6], [3, 4, 5]) : 0.3668490357
124 : ([1, 4, 5], [2, 6], [3]) : 0.3703763125
125 : ([1, 3], [2, 6], [4, 5]) : 0.4396331095
126 : ([1], [2, 6], [3], [4, 5]) : 0.3604266283
127 : ([1, 3, 5], [2, 6], [4]) : 0.3515987449
128 : ([1, 4], [2, 6], [3, 5]) : 0.2775254034
129 : ([1], [2, 6], [3, 5], [4]) : 0.2669587154
130 : ([1, 5], [2, 6], [3, 4]) : 0.2597688363
131 : ([1, 5], [2, 6], [3], [4]) : 0.2597463304
132 : ([1, 3, 4], [2, 6], [5]) : 0.3484886530
133 : ([1], [2, 6], [3, 4], [5]) : 0.2576583539
134 : ([1, 4], [2, 6], [3], [5]) : 0.2683418577
135 : ([1, 3], [2, 6], [4], [5]) : 0.3368479928
136 : ([1], [2, 6], [3], [4], [5]) : 0.2576279616
137 : ([1, 6], [2, 3, 4, 5]) : 0.4831998398
138 : ([1, 6], [2], [3, 4, 5]) : 0.3731066067
139 : ([1, 6], [2, 4, 5], [3]) : 0.3669772819
140 : ([1, 6], [2, 3], [4, 5]) : 0.4816133200
141 : ([1, 6], [2], [3], [4, 5]) : 0.3668304292
142 : ([1, 6], [2, 3, 5], [4]) : 0.3822496133
143 : ([1, 6], [2, 4], [3, 5]) : 0.2802095869
144 : ([1, 6], [2], [3, 5], [4]) : 0.2790668807
145 : ([1, 6], [2, 5], [3, 4]) : 0.2695769305
146 : ([1, 6], [2, 5], [3], [4]) : 0.2695768555
147 : ([1, 6], [2, 3, 4], [5]) : 0.3794293017
148 : ([1, 6], [2], [3, 4], [5]) : 0.2694767449
149 : ([1, 6], [2, 4], [3], [5]) : 0.2705237239
150 : ([1, 6], [2, 3], [4], [5]) : 0.3793171167
151 : ([1, 6], [2], [3], [4], [5]) : 0.2694767197
152 : ([1, 2, 3, 4, 5], [6]) : 0.6510779268
153 : ([1], [2, 3, 4, 5], [6]) : 0.4787872386
154 : ([1, 3, 4, 5], [2], [6]) : 0.4556696507
155 : ([1, 2], [3, 4, 5], [6]) : 0.4631926673
156 : ([1], [2], [3, 4, 5], [6]) : 0.3667990157
157 : ([1, 2, 4, 5], [3], [6]) : 0.4638916005
158 : ([1, 3], [2, 4, 5], [6]) : 0.4393784564
159 : ([1], [2, 4, 5], [3], [6]) : 0.3606137571
160 : ([1, 4, 5], [2, 3], [6]) : 0.4851579591
161 : ([1, 4, 5], [2], [3], [6]) : 0.3703762177
162 : ([1, 2, 3], [4, 5], [6]) : 0.6464748257
163 : ([1], [2, 3], [4, 5], [6]) : 0.4768038686
164 : ([1, 3], [2], [4, 5], [6]) : 0.4393678615
165 : ([1, 2], [3], [4, 5], [6]) : 0.4580607430
166 : ([1], [2], [3], [4, 5], [6]) : 0.3604074737
167 : ([1, 2, 3, 5], [4], [6]) : 0.5569377832
168 : ([1, 4], [2, 3, 5], [6]) : 0.3800174397
169 : ([1], [2, 3, 5], [4], [6]) : 0.3726171889
170 : ([1, 3, 5], [2, 4], [6]) : 0.3513456611
171 : ([1, 3, 5], [2], [4], [6]) : 0.3508521204
172 : ([1, 2, 4], [3, 5], [6]) : 0.3811253491
173 : ([1], [2, 4], [3, 5], [6]) : 0.2679104132
174 : ([1, 4], [2], [3, 5], [6]) : 0.2773237390
175 : ([1, 2], [3, 5], [4], [6]) : 0.3757173780
176 : ([1], [2], [3, 5], [4], [6]) : 0.2667146500
177 : ([1, 2, 5], [3, 4], [6]) : 0.3694207100
178 : ([1, 2, 5], [3], [4], [6]) : 0.3693221447
179 : ([1, 3, 4], [2, 5], [6]) : 0.3480079176
180 : ([1], [2, 5], [3, 4], [6]) : 0.2578416882
181 : ([1, 4], [2, 5], [3], [6]) : 0.2683446555
182 : ([1, 3], [2, 5], [4], [6]) : 0.3364502400
183 : ([1], [2, 5], [3], [4], [6]) : 0.2578095948
184 : ([1, 5], [2, 3, 4], [6]) : 0.3723640958
185 : ([1, 5], [2], [3, 4], [6]) : 0.2596789657
186 : ([1, 5], [2, 4], [3], [6]) : 0.2609747217
187 : ([1, 5], [2, 3], [4], [6]) : 0.3722470922
188 : ([1, 5], [2], [3], [4], [6]) : 0.2596567460
189 : ([1, 2, 3, 4], [5], [6]) : 0.5559053029
190 : ([1], [2, 3, 4], [5], [6]) : 0.3694462111
191 : ([1, 3, 4], [2], [5], [6]) : 0.3479770045
192 : ([1, 2], [3, 4], [5], [6]) : 0.3670820832
193 : ([1], [2], [3, 4], [5], [6]) : 0.2575123521
194 : ([1, 2, 4], [3], [5], [6]) : 0.3723618891
195 : ([1, 3], [2, 4], [5], [6]) : 0.3366410041
196 : ([1], [2, 4], [3], [5], [6]) : 0.2585810661
197 : ([1, 4], [2, 3], [5], [6]) : 0.3772141105
198 : ([1, 4], [2], [3], [5], [6]) : 0.2682280377
199 : ([1, 2, 3], [4], [5], [6]) : 0.5514908790
200 : ([1], [2, 3], [4], [5], [6]) : 0.3693913038
201 : ([1, 3], [2], [4], [5], [6]) : 0.3362731179
202 : ([1, 2], [3], [4], [5], [6]) : 0.3670030555
203 : ([1], [2], [3], [4], [5], [6]) : 0.2574822454
