Traceback (most recent call last):
  File "script.py", line 4, in <module>
    from okgtreg.groupStructureDetection.forwardSelection import forwardInclusion
  File "/home/skew/u3/panc/research/OKGT/software/okgtreg/okgtreg/groupStructureDetection/__init__.py", line 5, in <module>
    from okgtreg.groupStructureDetection.forwardSelection import forwardSelection
ImportError: cannot import name forwardSelection
Traceback (most recent call last):
  File "script.py", line 4, in <module>
    from okgtreg.groupStructureDetection.forwardSelection import forwardInclusion
  File "/home/skew/u3/panc/research/OKGT/software/okgtreg/okgtreg/groupStructureDetection/__init__.py", line 5, in <module>
    from okgtreg.groupStructureDetection.forwardSelection import forwardSelection
ImportError: cannot import name forwardSelection
Traceback (most recent call last):
  File "script.py", line 4, in <module>
    from okgtreg.groupStructureDetection.forwardSelection import forwardInclusion
  File "/home/skew/u3/panc/research/OKGT/software/okgtreg/okgtreg/groupStructureDetection/__init__.py", line 5, in <module>
    from okgtreg.groupStructureDetection.forwardSelection import forwardSelection
ImportError: cannot import name forwardSelection
Traceback (most recent call last):
  File "script.py", line 4, in <module>
    from okgtreg.groupStructureDetection.forwardSelection import forwardInclusion
  File "/home/skew/u3/panc/research/OKGT/software/okgtreg/okgtreg/groupStructureDetection/__init__.py", line 5, in <module>
    from okgtreg.groupStructureDetection.forwardSelection import forwardSelection
ImportError: cannot import name forwardSelection
Traceback (most recent call last):
  File "script.py", line 4, in <module>
    from okgtreg.groupStructureDetection.forwardSelection import forwardInclusion
  File "/home/skew/u3/panc/research/OKGT/software/okgtreg/okgtreg/groupStructureDetection/__init__.py", line 5, in <module>
    from okgtreg.groupStructureDetection.forwardSelection import forwardSelection
ImportError: cannot import name forwardSelection
Traceback (most recent call last):
  File "script.py", line 4, in <module>
    from okgtreg.groupStructureDetection.forwardSelection import forwardInclusion
  File "/home/skew/u3/panc/research/OKGT/software/okgtreg/okgtreg/groupStructureDetection/__init__.py", line 5, in <module>
    from okgtreg.groupStructureDetection.forwardSelection import forwardSelection
ImportError: cannot import name forwardSelection
Traceback (most recent call last):
  File "script.py", line 4, in <module>
    from okgtreg.groupStructureDetection.forwardSelection import forwardInclusion
  File "/home/skew/u3/panc/research/OKGT/software/okgtreg/okgtreg/groupStructureDetection/__init__.py", line 5, in <module>
    from okgtreg.groupStructureDetection.forwardSelection import forwardSelection
ImportError: cannot import name forwardSelection
Traceback (most recent call last):
  File "script.py", line 4, in <module>
    from okgtreg.groupStructureDetection.forwardSelection import forwardInclusion
  File "/home/skew/u3/panc/research/OKGT/software/okgtreg/okgtreg/groupStructureDetection/__init__.py", line 5, in <module>
    from okgtreg.groupStructureDetection.forwardSelection import forwardSelection
ImportError: cannot import name forwardSelection
Traceback (most recent call last):
  File "script.py", line 4, in <module>
    from okgtreg.groupStructureDetection.forwardSelection import forwardInclusion
  File "/home/skew/u3/panc/research/OKGT/software/okgtreg/okgtreg/groupStructureDetection/__init__.py", line 5, in <module>
    from okgtreg.groupStructureDetection.forwardSelection import forwardSelection
ImportError: cannot import name forwardSelection
Traceback (most recent call last):
  File "script.py", line 4, in <module>
    from okgtreg.groupStructureDetection.forwardSelection import forwardInclusion
  File "/home/skew/u3/panc/research/OKGT/software/okgtreg/okgtreg/groupStructureDetection/__init__.py", line 5, in <module>
    from okgtreg.groupStructureDetection.forwardSelection import forwardSelection
ImportError: cannot import name forwardSelection
parallel: SIGTERM received. No new jobs will be started.
parallel: Waiting for these 10 jobs to finish. Send SIGTERM again to stop now.
parallel: python -u script.py 9 > script-model-9.out
parallel: python -u script.py 7 > script-model-7.out
parallel: python -u script.py 5 > script-model-5.out
parallel: python -u script.py 1 > script-model-1.out
parallel: python -u script.py 8 > script-model-8.out
parallel: python -u script.py 10 > script-model-10.out
parallel: python -u script.py 6 > script-model-6.out
parallel: python -u script.py 4 > script-model-4.out
parallel: python -u script.py 2 > script-model-2.out
parallel: python -u script.py 3 > script-model-3.out
