###################################
# Exhaustive OKGT fitting
# Start time: 2016-02-04 23:00:14
# Selected model: 3
# Kernel: Gaussian (0.5)
# Training method: vanilla
# Sample size: 500
###################################
1 : ([1, 2, 3, 4, 5, 6],) : 0.9997381861
2 : ([1], [2, 3, 4, 5, 6]) : 0.9989828925
3 : ([1, 3, 4, 5, 6], [2]) : 0.9989999709
4 : ([1, 2], [3, 4, 5, 6]) : 0.9987114300
5 : ([1], [2], [3, 4, 5, 6]) : 0.9985055387
6 : ([1, 2, 4, 5, 6], [3]) : 0.9990178260
7 : ([1, 3], [2, 4, 5, 6]) : 0.9984061111
8 : ([1], [2, 4, 5, 6], [3]) : 0.9985251941
9 : ([1, 4, 5, 6], [2, 3]) : 0.9983650822
10 : ([1, 4, 5, 6], [2], [3]) : 0.9984113426
11 : ([1, 2, 3], [4, 5, 6]) : 0.9994908468
12 : ([1], [2, 3], [4, 5, 6]) : 0.9959445558
13 : ([1, 3], [2], [4, 5, 6]) : 0.9944644023
14 : ([1, 2], [3], [4, 5, 6]) : 0.9987516601
15 : ([1], [2], [3], [4, 5, 6]) : 0.9921254912
16 : ([1, 2, 3, 5, 6], [4]) : 0.9996006509
17 : ([1, 4], [2, 3, 5, 6]) : 0.9983067735
18 : ([1], [2, 3, 5, 6], [4]) : 0.9983094096
19 : ([1, 3, 5, 6], [2, 4]) : 0.9982824226
20 : ([1, 3, 5, 6], [2], [4]) : 0.9983710398
21 : ([1, 2, 4], [3, 5, 6]) : 0.9989142448
22 : ([1], [2, 4], [3, 5, 6]) : 0.9951273327
23 : ([1, 4], [2], [3, 5, 6]) : 0.9952585805
24 : ([1, 2], [3, 5, 6], [4]) : 0.9987963567
25 : ([1], [2], [3, 5, 6], [4]) : 0.9952923306
26 : ([1, 2, 5, 6], [3, 4]) : 0.9989502544
27 : ([1, 2, 5, 6], [3], [4]) : 0.9989599413
28 : ([1, 3, 4], [2, 5, 6]) : 0.9977134169
29 : ([1], [2, 5, 6], [3, 4]) : 0.9971670809
30 : ([1, 4], [2, 5, 6], [3]) : 0.9970451223
31 : ([1, 3], [2, 5, 6], [4]) : 0.9970557273
32 : ([1], [2, 5, 6], [3], [4]) : 0.9971546549
33 : ([1, 5, 6], [2, 3, 4]) : 0.9977475992
34 : ([1, 5, 6], [2], [3, 4]) : 0.9952917660
35 : ([1, 5, 6], [2, 4], [3]) : 0.9957453156
36 : ([1, 5, 6], [2, 3], [4]) : 0.9957341881
37 : ([1, 5, 6], [2], [3], [4]) : 0.9948582743
38 : ([1, 2, 3, 4], [5, 6]) : 0.9995017487
39 : ([1], [2, 3, 4], [5, 6]) : 0.9980084313
40 : ([1, 3, 4], [2], [5, 6]) : 0.9976641267
41 : ([1, 2], [3, 4], [5, 6]) : 0.9987747476
42 : ([1], [2], [3, 4], [5, 6]) : 0.9861402464
43 : ([1, 2, 4], [3], [5, 6]) : 0.9989237679
44 : ([1, 3], [2, 4], [5, 6]) : 0.9936160270
45 : ([1], [2, 4], [3], [5, 6]) : 0.9936943666
46 : ([1, 4], [2, 3], [5, 6]) : 0.9955166370
47 : ([1, 4], [2], [3], [5, 6]) : 0.9750557291
48 : ([1, 2, 3], [4], [5, 6]) : 0.9994430826
49 : ([1], [2, 3], [4], [5, 6]) : 0.9953590639
50 : ([1, 3], [2], [4], [5, 6]) : 0.9934007477
51 : ([1, 2], [3], [4], [5, 6]) : 0.9987875552
52 : ([1], [2], [3], [4], [5, 6]) : 0.9031889290
53 : ([1, 2, 3, 4, 6], [5]) : 0.9996218996
54 : ([1, 5], [2, 3, 4, 6]) : 0.9984605035
55 : ([1], [2, 3, 4, 6], [5]) : 0.9986101852
56 : ([1, 3, 4, 6], [2, 5]) : 0.9980706544
57 : ([1, 3, 4, 6], [2], [5]) : 0.9980730692
58 : ([1, 2, 5], [3, 4, 6]) : 0.9988015410
59 : ([1], [2, 5], [3, 4, 6]) : 0.9957138733
60 : ([1, 5], [2], [3, 4, 6]) : 0.9955928637
61 : ([1, 2], [3, 4, 6], [5]) : 0.9987805189
62 : ([1], [2], [3, 4, 6], [5]) : 0.9953415921
63 : ([1, 2, 4, 6], [3, 5]) : 0.9989812729
64 : ([1, 2, 4, 6], [3], [5]) : 0.9989929214
65 : ([1, 3, 5], [2, 4, 6]) : 0.9978128900
66 : ([1], [2, 4, 6], [3, 5]) : 0.9979869090
67 : ([1, 5], [2, 4, 6], [3]) : 0.9977183318
68 : ([1, 3], [2, 4, 6], [5]) : 0.9977853688
69 : ([1], [2, 4, 6], [3], [5]) : 0.9978439817
70 : ([1, 4, 6], [2, 3, 5]) : 0.9975814153
71 : ([1, 4, 6], [2], [3, 5]) : 0.9952828004
72 : ([1, 4, 6], [2, 5], [3]) : 0.9949339995
73 : ([1, 4, 6], [2, 3], [5]) : 0.9960860132
74 : ([1, 4, 6], [2], [3], [5]) : 0.9948492828
75 : ([1, 2, 3, 5], [4, 6]) : 0.9994813720
76 : ([1], [2, 3, 5], [4, 6]) : 0.9978024500
77 : ([1, 3, 5], [2], [4, 6]) : 0.9973562813
78 : ([1, 2], [3, 5], [4, 6]) : 0.9987906152
79 : ([1], [2], [3, 5], [4, 6]) : 0.9877372628
80 : ([1, 2, 5], [3], [4, 6]) : 0.9988257359
81 : ([1, 3], [2, 5], [4, 6]) : 0.9935234031
82 : ([1], [2, 5], [3], [4, 6]) : 0.9875143621
83 : ([1, 5], [2, 3], [4, 6]) : 0.9953918893
84 : ([1, 5], [2], [3], [4, 6]) : 0.9922600318
85 : ([1, 2, 3], [4, 6], [5]) : 0.9994403645
86 : ([1], [2, 3], [4, 6], [5]) : 0.9953408751
87 : ([1, 3], [2], [4, 6], [5]) : 0.9933323032
88 : ([1, 2], [3], [4, 6], [5]) : 0.9987888440
89 : ([1], [2], [3], [4, 6], [5]) : 0.9875789044
90 : ([1, 2, 3, 6], [4, 5]) : 0.9994813461
91 : ([1, 2, 3, 6], [4], [5]) : 0.9994581495
92 : ([1, 4, 5], [2, 3, 6]) : 0.9974494049
93 : ([1], [2, 3, 6], [4, 5]) : 0.9969135714
94 : ([1, 5], [2, 3, 6], [4]) : 0.9967857466
95 : ([1, 4], [2, 3, 6], [5]) : 0.9969861987
96 : ([1], [2, 3, 6], [4], [5]) : 0.9968399335
97 : ([1, 3, 6], [2, 4, 5]) : 0.9968961093
98 : ([1, 3, 6], [2], [4, 5]) : 0.9947768536
99 : ([1, 3, 6], [2, 5], [4]) : 0.9946490984
100 : ([1, 3, 6], [2, 4], [5]) : 0.9946441250
101 : ([1, 3, 6], [2], [4], [5]) : 0.9942554597
102 : ([1, 2, 4, 5], [3, 6]) : 0.9989417062
103 : ([1], [2, 4, 5], [3, 6]) : 0.9968104976
104 : ([1, 4, 5], [2], [3, 6]) : 0.9967228740
105 : ([1, 2], [3, 6], [4, 5]) : 0.9987854784
106 : ([1], [2], [3, 6], [4, 5]) : 0.9893508613
107 : ([1, 2, 5], [3, 6], [4]) : 0.9988361969
108 : ([1, 4], [2, 5], [3, 6]) : 0.9790863795
109 : ([1], [2, 5], [3, 6], [4]) : 0.9647659690
110 : ([1, 5], [2, 4], [3, 6]) : 0.9932356448
111 : ([1, 5], [2], [3, 6], [4]) : 0.9920019002
112 : ([1, 2, 4], [3, 6], [5]) : 0.9989296190
113 : ([1], [2, 4], [3, 6], [5]) : 0.9934372215
114 : ([1, 4], [2], [3, 6], [5]) : 0.9748278786
115 : ([1, 2], [3, 6], [4], [5]) : 0.9987962688
116 : ([1], [2], [3, 6], [4], [5]) : 0.9637126666
117 : ([1, 2, 6], [3, 4, 5]) : 0.9988974200
118 : ([1, 2, 6], [3], [4, 5]) : 0.9989145574
119 : ([1, 2, 6], [3, 5], [4]) : 0.9989234133
120 : ([1, 2, 6], [3, 4], [5]) : 0.9989161083
121 : ([1, 2, 6], [3], [4], [5]) : 0.9989249842
122 : ([1, 3, 4, 5], [2, 6]) : 0.9989392289
123 : ([1], [2, 6], [3, 4, 5]) : 0.9981533456
124 : ([1, 4, 5], [2, 6], [3]) : 0.9971133103
125 : ([1, 3], [2, 6], [4, 5]) : 0.9943447216
126 : ([1], [2, 6], [3], [4, 5]) : 0.9943076843
127 : ([1, 3, 5], [2, 6], [4]) : 0.9974787965
128 : ([1, 4], [2, 6], [3, 5]) : 0.9943734108
129 : ([1], [2, 6], [3, 5], [4]) : 0.9942406100
130 : ([1, 5], [2, 6], [3, 4]) : 0.9944551032
131 : ([1, 5], [2, 6], [3], [4]) : 0.9941745657
132 : ([1, 3, 4], [2, 6], [5]) : 0.9976675888
133 : ([1], [2, 6], [3, 4], [5]) : 0.9943393123
134 : ([1, 4], [2, 6], [3], [5]) : 0.9942919034
135 : ([1, 3], [2, 6], [4], [5]) : 0.9941374591
136 : ([1], [2, 6], [3], [4], [5]) : 0.9941191290
137 : ([1, 6], [2, 3, 4, 5]) : 0.9988943643
138 : ([1, 6], [2], [3, 4, 5]) : 0.9981558027
139 : ([1, 6], [2, 4, 5], [3]) : 0.9965815945
140 : ([1, 6], [2, 3], [4, 5]) : 0.9951957830
141 : ([1, 6], [2], [3], [4, 5]) : 0.9892854077
142 : ([1, 6], [2, 3, 5], [4]) : 0.9975657454
143 : ([1, 6], [2, 4], [3, 5]) : 0.9934334085
144 : ([1, 6], [2], [3, 5], [4]) : 0.9906317067
145 : ([1, 6], [2, 5], [3, 4]) : 0.9870931460
146 : ([1, 6], [2, 5], [3], [4]) : 0.9860627159
147 : ([1, 6], [2, 3, 4], [5]) : 0.9977803277
148 : ([1, 6], [2], [3, 4], [5]) : 0.9851595216
149 : ([1, 6], [2, 4], [3], [5]) : 0.9933010746
150 : ([1, 6], [2, 3], [4], [5]) : 0.9950455410
151 : ([1, 6], [2], [3], [4], [5]) : 0.9833853533
152 : ([1, 2, 3, 4, 5], [6]) : 0.9995903211
153 : ([1], [2, 3, 4, 5], [6]) : 0.9989139828
154 : ([1, 3, 4, 5], [2], [6]) : 0.9989497783
155 : ([1, 2], [3, 4, 5], [6]) : 0.9987715643
156 : ([1], [2], [3, 4, 5], [6]) : 0.9981584041
157 : ([1, 2, 4, 5], [3], [6]) : 0.9989465678
158 : ([1, 3], [2, 4, 5], [6]) : 0.9968042469
159 : ([1], [2, 4, 5], [3], [6]) : 0.9969278416
160 : ([1, 4, 5], [2, 3], [6]) : 0.9970239570
161 : ([1, 4, 5], [2], [3], [6]) : 0.9965449289
162 : ([1, 2, 3], [4, 5], [6]) : 0.9994262631
163 : ([1], [2, 3], [4, 5], [6]) : 0.9954068973
164 : ([1, 3], [2], [4, 5], [6]) : 0.9934970823
165 : ([1, 2], [3], [4, 5], [6]) : 0.9987844927
166 : ([1], [2], [3], [4, 5], [6]) : 0.9891697941
167 : ([1, 2, 3, 5], [4], [6]) : 0.9994483118
168 : ([1, 4], [2, 3, 5], [6]) : 0.9977786387
169 : ([1], [2, 3, 5], [4], [6]) : 0.9978313048
170 : ([1, 3, 5], [2, 4], [6]) : 0.9973503756
171 : ([1, 3, 5], [2], [4], [6]) : 0.9974284680
172 : ([1, 2, 4], [3, 5], [6]) : 0.9989228548
173 : ([1], [2, 4], [3, 5], [6]) : 0.9937568192
174 : ([1, 4], [2], [3, 5], [6]) : 0.9908209230
175 : ([1, 2], [3, 5], [4], [6]) : 0.9987985365
176 : ([1], [2], [3, 5], [4], [6]) : 0.9857491467
177 : ([1, 2, 5], [3, 4], [6]) : 0.9988307937
178 : ([1, 2, 5], [3], [4], [6]) : 0.9988366987
179 : ([1, 3, 4], [2, 5], [6]) : 0.9976732903
180 : ([1], [2, 5], [3, 4], [6]) : 0.9869800114
181 : ([1, 4], [2, 5], [3], [6]) : 0.9776701643
182 : ([1, 3], [2, 5], [4], [6]) : 0.9934660336
183 : ([1], [2, 5], [3], [4], [6]) : 0.9629374442
184 : ([1, 5], [2, 3, 4], [6]) : 0.9978824977
185 : ([1, 5], [2], [3, 4], [6]) : 0.9920427593
186 : ([1, 5], [2, 4], [3], [6]) : 0.9933954671
187 : ([1, 5], [2, 3], [4], [6]) : 0.9952766261
188 : ([1, 5], [2], [3], [4], [6]) : 0.9914503159
189 : ([1, 2, 3, 4], [5], [6]) : 0.9994848726
190 : ([1], [2, 3, 4], [5], [6]) : 0.9979942111
191 : ([1, 3, 4], [2], [5], [6]) : 0.9976632372
192 : ([1, 2], [3, 4], [5], [6]) : 0.9987852181
193 : ([1], [2], [3, 4], [5], [6]) : 0.9850008783
194 : ([1, 2, 4], [3], [5], [6]) : 0.9989327305
195 : ([1, 3], [2, 4], [5], [6]) : 0.9935068693
196 : ([1], [2, 4], [3], [5], [6]) : 0.9936142743
197 : ([1, 4], [2, 3], [5], [6]) : 0.9954609726
198 : ([1, 4], [2], [3], [5], [6]) : 0.9730600211
199 : ([1, 2, 3], [4], [5], [6]) : 0.9994115893
200 : ([1], [2, 3], [4], [5], [6]) : 0.9952363011
201 : ([1, 3], [2], [4], [5], [6]) : 0.9932288300
202 : ([1, 2], [3], [4], [5], [6]) : 0.9987944931
203 : ([1], [2], [3], [4], [5], [6]) : 0.8474100849
